<?xml version="1.0" encoding="UTF-8"?>
<!-- Generated by org.testng.reporters.JUnitReportReporter -->
<testsuite skipped="0" hostname="DESKTOP-5N2O2MN" name="testScenarios.AndroidSanity" tests="3" failures="0" timestamp="2020-06-14T11:36:37 EDT" time="12.830" errors="0">
  <testcase name="AppLaunch_Validation" time="1.744" classname="testScenarios.AndroidSanity"/>
  <testcase name="Login_withinvalidcredentials_validation" time="4.854" classname="testScenarios.AndroidSanity"/>
  <testcase name="Login_withvalidcredentials_validation" time="6.232" classname="testScenarios.AndroidSanity"/>
</testsuite> <!-- testScenarios.AndroidSanity -->
