<?xml version="1.0" encoding="UTF-8"?>
<!-- Generated by org.testng.reporters.JUnitReportReporter -->
<testsuite skipped="0" hostname="DESKTOP-5N2O2MN" name="testScenarios.AndroidSanity" tests="2" failures="0" timestamp="2020-06-08T21:48:25 EDT" time="4.847" errors="0">
  <testcase name="AppLaunch_Validation" time="1.151" classname="testScenarios.AndroidSanity"/>
  <testcase name="Login_withinvalidcredentials_validation" time="3.696" classname="testScenarios.AndroidSanity"/>
</testsuite> <!-- testScenarios.AndroidSanity -->
