<?xml version="1.0" encoding="UTF-8"?>
<!-- Generated by org.testng.reporters.JUnitReportReporter -->
<testsuite skipped="0" hostname="ks-MacBook-Pro.local" name="testScenarios.iOSSanity" tests="2" failures="0" timestamp="2020-06-07T17:05:57 IST" time="6.564" errors="0">
  <testcase name="ValidateAppLaunch" time="1.170" classname="testScenarios.iOSSanity"/>
  <system-out/>
  <testcase name="Login_withinvalidcredentials_validation" time="5.394" classname="testScenarios.iOSSanity"/>
  <system-out/>
</testsuite> <!-- testScenarios.iOSSanity -->
